SF:lib\src\controller\amigos_controller.dart
DA:7,0
DA:8,0
DA:11,1
DA:12,2
DA:13,2
LF:5
LH:3
end_of_record
SF:lib\src\controller\interface_controller.dart
DA:10,1
DA:28,3
DA:32,1
DA:34,3
DA:36,1
DA:37,2
DA:39,1
DA:40,2
DA:42,1
DA:43,2
DA:45,1
DA:46,2
DA:48,0
DA:49,0
DA:51,0
DA:52,0
DA:54,0
DA:55,0
DA:57,0
DA:58,0
DA:61,0
DA:65,0
DA:69,1
DA:71,2
DA:73,1
DA:78,1
DA:81,4
DA:83,1
DA:84,1
DA:85,1
DA:86,1
DA:87,1
DA:88,0
DA:90,0
DA:92,0
DA:93,0
DA:100,1
DA:101,1
DA:103,3
DA:104,2
DA:106,2
DA:107,1
DA:114,1
DA:117,3
DA:118,2
DA:120,1
DA:124,1
DA:125,3
DA:126,2
DA:130,4
DA:135,1
DA:138,3
DA:139,2
DA:143,3
DA:146,3
LF:55
LH:41
end_of_record
SF:lib\src\controller\invites_controller.dart
DA:7,0
DA:8,0
DA:11,1
DA:12,2
DA:13,2
LF:5
LH:3
end_of_record
SF:lib\src\controller\notification_controller.dart
DA:10,1
DA:11,3
DA:14,1
DA:15,3
DA:17,4
DA:20,1
DA:21,2
DA:22,2
DA:24,0
DA:25,0
DA:27,0
DA:28,0
DA:35,4
DA:42,2
DA:43,4
DA:50,1
DA:51,3
DA:53,4
LF:18
LH:14
end_of_record
SF:lib\src\model\amigos_model.dart
DA:9,2
DA:19,1
DA:25,2
DA:26,2
DA:27,1
DA:28,1
DA:31,2
DA:32,1
DA:33,1
DA:34,1
LF:10
LH:10
end_of_record
SF:lib\src\model\invites_model.dart
DA:11,2
DA:13,0
DA:24,1
DA:32,2
DA:33,2
DA:34,1
DA:35,1
DA:36,1
DA:37,1
DA:41,2
DA:42,1
DA:43,1
DA:44,1
DA:45,1
DA:46,1
LF:15
LH:14
end_of_record
SF:lib\src\model\login_model.dart
DA:17,0
DA:18,0
DA:19,0
DA:21,0
DA:22,0
DA:24,0
DA:25,0
DA:31,0
DA:32,0
DA:35,0
DA:37,0
DA:39,0
DA:40,0
DA:41,0
DA:45,0
DA:48,0
DA:49,0
DA:63,0
DA:69,0
DA:70,0
DA:71,0
DA:72,0
DA:75,0
DA:76,0
DA:77,0
DA:78,0
LF:26
LH:0
end_of_record
SF:lib\src\controller\login_controller.dart
DA:7,0
DA:8,0
LF:2
LH:0
end_of_record
SF:lib\src\controller\search_student_controller.dart
DA:8,0
DA:9,0
LF:2
LH:0
end_of_record
SF:lib\src\model\search_student_model.dart
DA:10,0
DA:11,0
DA:12,0
DA:14,0
DA:15,0
DA:16,0
DA:17,0
DA:18,0
DA:19,0
DA:22,0
DA:23,0
DA:30,0
DA:31,0
DA:35,0
DA:36,0
DA:41,0
DA:43,0
DA:45,0
DA:48,0
DA:50,0
DA:52,0
DA:55,0
DA:59,0
DA:63,0
DA:64,0
DA:68,0
LF:26
LH:0
end_of_record
SF:lib\src\controller\search_student_results_controller.dart
DA:8,0
DA:9,0
DA:10,0
LF:3
LH:0
end_of_record
SF:lib\src\model\search_student_results_model.dart
DA:8,0
DA:9,0
DA:10,0
DA:12,0
DA:13,0
DA:18,0
DA:19,0
DA:20,0
LF:8
LH:0
end_of_record
SF:lib\src\view\pages\home_page.dart
DA:11,0
DA:13,0
DA:14,0
DA:18,0
DA:20,0
DA:21,0
DA:26,0
DA:27,0
DA:29,0
DA:30,0
DA:31,0
DA:32,0
DA:37,0
DA:39,0
DA:49,0
DA:50,0
DA:52,0
DA:54,0
DA:56,0
DA:57,0
DA:58,0
DA:59,0
DA:64,0
DA:66,0
DA:67,0
DA:69,0
DA:70,0
DA:71,0
DA:72,0
DA:83,0
LF:30
LH:0
end_of_record
SF:lib\src\view\pages\search_student_results_page.dart
DA:9,0
DA:11,0
DA:12,0
DA:19,0
DA:21,0
DA:22,0
DA:28,0
DA:30,0
DA:35,0
DA:36,0
DA:37,0
DA:38,0
DA:45,0
DA:48,0
DA:55,0
DA:56,0
DA:62,0
DA:63,0
DA:65,0
DA:66,0
DA:67,0
DA:69,0
DA:71,0
DA:72,0
DA:73,0
DA:74,0
DA:80,0
DA:81,0
DA:82,0
DA:86,0
DA:88,0
LF:31
LH:0
end_of_record
SF:lib\src\view\pages\amigos_page.dart
DA:10,0
DA:13,0
DA:14,0
DA:20,0
DA:22,0
DA:23,0
DA:29,0
DA:31,0
DA:32,0
DA:36,0
DA:38,0
DA:39,0
DA:40,0
DA:41,0
DA:48,0
DA:49,0
DA:50,0
DA:51,0
DA:52,0
DA:53,0
DA:54,0
DA:55,0
DA:56,0
DA:58,0
DA:59,0
DA:60,0
DA:63,0
DA:64,0
DA:66,0
DA:69,0
DA:70,0
DA:71,0
DA:72,0
DA:74,0
DA:75,0
DA:76,0
DA:77,0
DA:85,0
LF:38
LH:0
end_of_record
SF:lib\src\view\pages\search_student_page.dart
DA:8,0
DA:10,0
DA:11,0
DA:21,0
DA:23,0
DA:24,0
DA:30,0
DA:32,0
DA:33,0
DA:34,0
DA:36,0
DA:37,0
DA:44,0
DA:45,0
DA:54,0
DA:55,0
DA:56,0
DA:58,0
DA:61,0
DA:62,0
DA:64,0
DA:68,0
DA:69,0
DA:76,0
DA:77,0
DA:78,0
DA:80,0
DA:83,0
DA:84,0
DA:88,0
DA:90,0
DA:91,0
DA:96,0
DA:97,0
DA:98,0
DA:99,0
DA:100,0
LF:37
LH:0
end_of_record
SF:lib\src\view\pages\invites_page.dart
DA:9,0
DA:11,0
DA:12,0
DA:18,0
DA:20,0
DA:21,0
DA:27,0
DA:28,0
DA:32,0
DA:33,0
DA:34,0
DA:35,0
DA:36,0
DA:37,0
DA:38,0
DA:39,0
DA:40,0
DA:42,0
DA:43,0
DA:44,0
DA:47,0
DA:48,0
DA:50,0
DA:53,0
DA:54,0
DA:55,0
DA:59,0
DA:60,0
DA:61,0
DA:62,0
DA:63,0
DA:64,0
DA:65,0
DA:66,0
DA:67,0
DA:68,0
DA:69,0
DA:70,0
LF:38
LH:0
end_of_record
SF:lib\src\view\pages\login_page.dart
DA:5,1
DA:7,0
DA:8,0
DA:15,0
DA:17,0
DA:19,0
DA:22,0
DA:23,0
DA:24,0
DA:26,0
DA:35,0
DA:42,0
DA:44,0
DA:47,0
DA:49,0
DA:51,0
DA:52,0
DA:53,0
LF:18
LH:1
end_of_record
SF:lib\src\view\pages\notification_page.dart
DA:17,0
DA:19,0
DA:20,0
DA:26,0
DA:28,0
DA:29,0
DA:35,0
DA:37,0
DA:39,0
DA:40,0
DA:41,0
DA:43,0
DA:44,0
DA:46,0
DA:48,0
DA:49,0
DA:51,0
DA:53,0
DA:55,0
DA:56,0
DA:57,0
DA:58,0
DA:59,0
DA:66,0
DA:68,0
DA:70,0
DA:72,0
DA:73,0
DA:74,0
DA:75,0
DA:76,0
LF:31
LH:0
end_of_record
